{"C:\\Users\\tovi6\\deep-message-api\\src\\app.controller.ts": {"path":"C:\\Users\\tovi6\\deep-message-api\\src\\app.controller.ts","statementMap":{"0":{"start":{"line":1,"column":0},"end":{"line":1,"column":49}},"1":{"start":{"line":2,"column":0},"end":{"line":2,"column":43}},"2":{"start":{"line":5,"column":7},"end":{"line":16,"column":null}},"3":{"start":{"line":6,"column":31},"end":{"line":6,"column":43}},"4":{"start":{"line":10,"column":4},"end":{"line":10,"column":40}},"5":{"start":{"line":14,"column":4},"end":{"line":14,"column":44}},"6":{"start":{"line":5,"column":13},"end":{"line":5,"column":26}},"7":{"start":{"line":9,"column":2},"end":{"line":11,"column":null}},"8":{"start":{"line":13,"column":2},"end":{"line":15,"column":null}},"9":{"start":{"line":5,"column":13},"end":{"line":16,"column":null}}},"fnMap":{"0":{"name":"(anonymous_2)","decl":{"start":{"line":6,"column":2},"end":{"line":6,"column":31}},"loc":{"start":{"line":6,"column":53},"end":{"line":6,"column":57}}},"1":{"name":"(anonymous_3)","decl":{"start":{"line":9,"column":2},"end":{"line":9,"column":12}},"loc":{"start":{"line":9,"column":12},"end":{"line":11,"column":3}}},"2":{"name":"(anonymous_4)","decl":{"start":{"line":13,"column":2},"end":{"line":13,"column":16}},"loc":{"start":{"line":13,"column":16},"end":{"line":15,"column":3}}}},"branchMap":{},"s":{"0":0,"1":0,"2":0,"3":0,"4":0,"5":0,"6":0,"7":0,"8":0,"9":0},"f":{"0":0,"1":0,"2":0},"b":{}}
,"C:\\Users\\tovi6\\deep-message-api\\src\\app.module.ts": {"path":"C:\\Users\\tovi6\\deep-message-api\\src\\app.module.ts","statementMap":{"0":{"start":{"line":1,"column":0},"end":{"line":1,"column":40}},"1":{"start":{"line":2,"column":0},"end":{"line":2,"column":46}},"2":{"start":{"line":3,"column":0},"end":{"line":3,"column":50}},"3":{"start":{"line":4,"column":0},"end":{"line":4,"column":49}},"4":{"start":{"line":5,"column":0},"end":{"line":5,"column":43}},"5":{"start":{"line":6,"column":0},"end":{"line":6,"column":48}},"6":{"start":{"line":7,"column":0},"end":{"line":7,"column":52}},"7":{"start":{"line":8,"column":0},"end":{"line":8,"column":57}},"8":{"start":{"line":29,"column":7},"end":{"line":29,"column":null}},"9":{"start":{"line":29,"column":13},"end":{"line":29,"column":22}},"10":{"start":{"line":29,"column":13},"end":{"line":29,"column":null}}},"fnMap":{},"branchMap":{},"s":{"0":0,"1":0,"2":0,"3":0,"4":0,"5":0,"6":0,"7":0,"8":0,"9":0,"10":0},"f":{},"b":{}}
,"C:\\Users\\tovi6\\deep-message-api\\src\\app.service.ts": {"path":"C:\\Users\\tovi6\\deep-message-api\\src\\app.service.ts","statementMap":{"0":{"start":{"line":1,"column":0},"end":{"line":1,"column":44}},"1":{"start":{"line":4,"column":7},"end":{"line":11,"column":null}},"2":{"start":{"line":6,"column":4},"end":{"line":6,"column":22}},"3":{"start":{"line":9,"column":4},"end":{"line":9,"column":28}},"4":{"start":{"line":4,"column":13},"end":{"line":4,"column":23}},"5":{"start":{"line":4,"column":13},"end":{"line":11,"column":null}}},"fnMap":{"0":{"name":"(anonymous_1)","decl":{"start":{"line":5,"column":2},"end":{"line":5,"column":12}},"loc":{"start":{"line":5,"column":12},"end":{"line":7,"column":3}}},"1":{"name":"(anonymous_2)","decl":{"start":{"line":8,"column":2},"end":{"line":8,"column":16}},"loc":{"start":{"line":8,"column":16},"end":{"line":10,"column":3}}}},"branchMap":{},"s":{"0":0,"1":0,"2":0,"3":0,"4":0,"5":0},"f":{"0":0,"1":0},"b":{}}
,"C:\\Users\\tovi6\\deep-message-api\\src\\main.ts": {"path":"C:\\Users\\tovi6\\deep-message-api\\src\\main.ts","statementMap":{"0":{"start":{"line":1,"column":0},"end":{"line":1,"column":48}},"1":{"start":{"line":2,"column":0},"end":{"line":2,"column":43}},"2":{"start":{"line":3,"column":0},"end":{"line":3,"column":41}},"3":{"start":{"line":4,"column":0},"end":{"line":4,"column":28}},"4":{"start":{"line":5,"column":0},"end":{"line":5,"column":65}},"5":{"start":{"line":8,"column":14},"end":{"line":8,"column":49}},"6":{"start":{"line":10,"column":2},"end":{"line":10,"column":20}},"7":{"start":{"line":12,"column":2},"end":{"line":14,"column":5}},"8":{"start":{"line":16,"column":2},"end":{"line":16,"column":43}},"9":{"start":{"line":17,"column":17},"end":{"line":26,"column":12}},"10":{"start":{"line":27,"column":19},"end":{"line":27,"column":60}},"11":{"start":{"line":28,"column":2},"end":{"line":28,"column":44}},"12":{"start":{"line":30,"column":2},"end":{"line":30,"column":25}},"13":{"start":{"line":32,"column":0},"end":{"line":32,"column":12}}},"fnMap":{"0":{"name":"bootstrap","decl":{"start":{"line":7,"column":15},"end":{"line":7,"column":24}},"loc":{"start":{"line":7,"column":24},"end":{"line":31,"column":1}}}},"branchMap":{},"s":{"0":0,"1":0,"2":0,"3":0,"4":0,"5":0,"6":0,"7":0,"8":0,"9":0,"10":0,"11":0,"12":0,"13":0},"f":{"0":0},"b":{}}
,"C:\\Users\\tovi6\\deep-message-api\\src\\auth\\auth.controller.ts": {"path":"C:\\Users\\tovi6\\deep-message-api\\src\\auth\\auth.controller.ts","statementMap":{"0":{"start":{"line":1,"column":0},"end":{"line":1,"column":78}},"1":{"start":{"line":2,"column":0},"end":{"line":2,"column":45}},"2":{"start":{"line":3,"column":0},"end":{"line":3,"column":45}},"3":{"start":{"line":4,"column":0},"end":{"line":4,"column":45}},"4":{"start":{"line":7,"column":7},"end":{"line":19,"column":null}},"5":{"start":{"line":8,"column":22},"end":{"line":8,"column":35}},"6":{"start":{"line":12,"column":4},"end":{"line":12,"column":46}},"7":{"start":{"line":17,"column":4},"end":{"line":17,"column":46}},"8":{"start":{"line":7,"column":13},"end":{"line":7,"column":27}},"9":{"start":{"line":11,"column":2},"end":{"line":13,"column":null}},"10":{"start":{"line":16,"column":2},"end":{"line":18,"column":null}},"11":{"start":{"line":7,"column":13},"end":{"line":19,"column":null}}},"fnMap":{"0":{"name":"(anonymous_4)","decl":{"start":{"line":8,"column":2},"end":{"line":8,"column":22}},"loc":{"start":{"line":8,"column":46},"end":{"line":8,"column":50}}},"1":{"name":"(anonymous_5)","decl":{"start":{"line":11,"column":2},"end":{"line":11,"column":8}},"loc":{"start":{"line":11,"column":37},"end":{"line":13,"column":3}}},"2":{"name":"(anonymous_6)","decl":{"start":{"line":16,"column":2},"end":{"line":16,"column":8}},"loc":{"start":{"line":16,"column":37},"end":{"line":18,"column":3}}}},"branchMap":{},"s":{"0":1,"1":1,"2":1,"3":1,"4":1,"5":3,"6":1,"7":1,"8":1,"9":1,"10":1,"11":1},"f":{"0":3,"1":1,"2":1},"b":{}}
,"C:\\Users\\tovi6\\deep-message-api\\src\\auth\\auth.module.ts": {"path":"C:\\Users\\tovi6\\deep-message-api\\src\\auth\\auth.module.ts","statementMap":{"0":{"start":{"line":1,"column":0},"end":{"line":1,"column":40}},"1":{"start":{"line":2,"column":0},"end":{"line":2,"column":47}},"2":{"start":{"line":3,"column":0},"end":{"line":3,"column":40}},"3":{"start":{"line":4,"column":0},"end":{"line":4,"column":50}},"4":{"start":{"line":5,"column":0},"end":{"line":5,"column":50}},"5":{"start":{"line":6,"column":0},"end":{"line":6,"column":51}},"6":{"start":{"line":7,"column":0},"end":{"line":7,"column":45}},"7":{"start":{"line":8,"column":0},"end":{"line":8,"column":45}},"8":{"start":{"line":9,"column":0},"end":{"line":9,"column":51}},"9":{"start":{"line":31,"column":7},"end":{"line":31,"column":null}},"10":{"start":{"line":31,"column":13},"end":{"line":31,"column":23}},"11":{"start":{"line":31,"column":13},"end":{"line":31,"column":null}},"12":{"start":{"line":17,"column":8},"end":{"line":22,"column":10}}},"fnMap":{"0":{"name":"(anonymous_1)","decl":{"start":{"line":16,"column":18},"end":{"line":16,"column":19}},"loc":{"start":{"line":16,"column":44},"end":{"line":23,"column":7}}}},"branchMap":{},"s":{"0":0,"1":0,"2":0,"3":0,"4":0,"5":0,"6":0,"7":0,"8":0,"9":0,"10":0,"11":0,"12":0},"f":{"0":0},"b":{}}
,"C:\\Users\\tovi6\\deep-message-api\\src\\auth\\auth.service.ts": {"path":"C:\\Users\\tovi6\\deep-message-api\\src\\auth\\auth.service.ts","statementMap":{"0":{"start":{"line":1,"column":0},"end":{"line":1,"column":null}},"1":{"start":{"line":6,"column":0},"end":{"line":6,"column":47}},"2":{"start":{"line":7,"column":0},"end":{"line":7,"column":33}},"3":{"start":{"line":8,"column":0},"end":{"line":8,"column":45}},"4":{"start":{"line":10,"column":0},"end":{"line":10,"column":35}},"5":{"start":{"line":11,"column":0},"end":{"line":11,"column":41}},"6":{"start":{"line":16,"column":7},"end":{"line":65,"column":null}},"7":{"start":{"line":19,"column":12},"end":{"line":19,"column":23}},"8":{"start":{"line":20,"column":12},"end":{"line":20,"column":24}},"9":{"start":{"line":24,"column":44},"end":{"line":24,"column":53}},"10":{"start":{"line":26,"column":27},"end":{"line":26,"column":58}},"11":{"start":{"line":28,"column":4},"end":{"line":43,"column":5}},"12":{"start":{"line":29,"column":19},"end":{"line":34,"column":8}},"13":{"start":{"line":36,"column":27},"end":{"line":36,"column":65}},"14":{"start":{"line":38,"column":6},"end":{"line":38,"column":30}},"15":{"start":{"line":40,"column":6},"end":{"line":42,"column":7}},"16":{"start":{"line":41,"column":8},"end":{"line":41,"column":63}},"17":{"start":{"line":47,"column":32},"end":{"line":47,"column":41}},"18":{"start":{"line":49,"column":17},"end":{"line":49,"column":56}},"19":{"start":{"line":51,"column":4},"end":{"line":53,"column":5}},"20":{"start":{"line":52,"column":6},"end":{"line":52,"column":67}},"21":{"start":{"line":55,"column":30},"end":{"line":55,"column":75}},"22":{"start":{"line":57,"column":4},"end":{"line":59,"column":5}},"23":{"start":{"line":58,"column":6},"end":{"line":58,"column":67}},"24":{"start":{"line":61,"column":25},"end":{"line":61,"column":63}},"25":{"start":{"line":63,"column":4},"end":{"line":63,"column":28}},"26":{"start":{"line":16,"column":13},"end":{"line":16,"column":24}},"27":{"start":{"line":16,"column":13},"end":{"line":65,"column":null}}},"fnMap":{"0":{"name":"(anonymous_4)","decl":{"start":{"line":17,"column":2},"end":{"line":17,"column":null}},"loc":{"start":{"line":20,"column":34},"end":{"line":21,"column":6}}},"1":{"name":"(anonymous_5)","decl":{"start":{"line":23,"column":2},"end":{"line":23,"column":7}},"loc":{"start":{"line":23,"column":35},"end":{"line":44,"column":3}}},"2":{"name":"(anonymous_6)","decl":{"start":{"line":46,"column":2},"end":{"line":46,"column":7}},"loc":{"start":{"line":46,"column":35},"end":{"line":64,"column":3}}}},"branchMap":{"0":{"loc":{"start":{"line":40,"column":6},"end":{"line":42,"column":7}},"type":"if","locations":[{"start":{"line":40,"column":6},"end":{"line":42,"column":7}}]},"1":{"loc":{"start":{"line":40,"column":10},"end":{"line":40,"column":21}},"type":"cond-expr","locations":[{"start":{"line":40,"column":15},"end":{"line":40,"column":17}},{"start":{"line":40,"column":10},"end":{"line":40,"column":21}}]},"2":{"loc":{"start":{"line":40,"column":10},"end":{"line":40,"column":17}},"type":"binary-expr","locations":[{"start":{"line":40,"column":10},"end":{"line":40,"column":17}},{"start":{"line":40,"column":10},"end":{"line":40,"column":17}}]},"3":{"loc":{"start":{"line":51,"column":4},"end":{"line":53,"column":5}},"type":"if","locations":[{"start":{"line":51,"column":4},"end":{"line":53,"column":5}}]},"4":{"loc":{"start":{"line":57,"column":4},"end":{"line":59,"column":5}},"type":"if","locations":[{"start":{"line":57,"column":4},"end":{"line":59,"column":5}}]}},"s":{"0":2,"1":2,"2":2,"3":2,"4":2,"5":2,"6":2,"7":6,"8":6,"9":2,"10":2,"11":2,"12":2,"13":1,"14":1,"15":1,"16":1,"17":3,"18":3,"19":3,"20":1,"21":2,"22":2,"23":1,"24":1,"25":1,"26":2,"27":2},"f":{"0":6,"1":2,"2":3},"b":{"0":[1],"1":[0,1],"2":[1,1],"3":[1],"4":[1]}}
,"C:\\Users\\tovi6\\deep-message-api\\src\\auth\\jwt.strategy.ts": {"path":"C:\\Users\\tovi6\\deep-message-api\\src\\auth\\jwt.strategy.ts","statementMap":{"0":{"start":{"line":1,"column":0},"end":{"line":1,"column":67}},"1":{"start":{"line":2,"column":0},"end":{"line":2,"column":47}},"2":{"start":{"line":3,"column":0},"end":{"line":3,"column":52}},"3":{"start":{"line":4,"column":0},"end":{"line":4,"column":33}},"4":{"start":{"line":5,"column":0},"end":{"line":5,"column":52}},"5":{"start":{"line":6,"column":0},"end":{"line":6,"column":45}},"6":{"start":{"line":9,"column":7},"end":{"line":31,"column":null}},"7":{"start":{"line":14,"column":4},"end":{"line":17,"column":7}},"8":{"start":{"line":12,"column":12},"end":{"line":12,"column":23}},"9":{"start":{"line":21,"column":19},"end":{"line":21,"column":26}},"10":{"start":{"line":23,"column":17},"end":{"line":23,"column":50}},"11":{"start":{"line":25,"column":4},"end":{"line":27,"column":5}},"12":{"start":{"line":26,"column":6},"end":{"line":26,"column":78}},"13":{"start":{"line":29,"column":4},"end":{"line":29,"column":16}},"14":{"start":{"line":9,"column":13},"end":{"line":9,"column":24}},"15":{"start":{"line":9,"column":13},"end":{"line":31,"column":null}}},"fnMap":{"0":{"name":"(anonymous_4)","decl":{"start":{"line":10,"column":2},"end":{"line":10,"column":null}},"loc":{"start":{"line":12,"column":34},"end":{"line":18,"column":3}}},"1":{"name":"(anonymous_5)","decl":{"start":{"line":20,"column":2},"end":{"line":20,"column":7}},"loc":{"start":{"line":20,"column":24},"end":{"line":30,"column":3}}}},"branchMap":{"0":{"loc":{"start":{"line":25,"column":4},"end":{"line":27,"column":5}},"type":"if","locations":[{"start":{"line":25,"column":4},"end":{"line":27,"column":5}}]}},"s":{"0":0,"1":0,"2":0,"3":0,"4":0,"5":0,"6":0,"7":0,"8":0,"9":0,"10":0,"11":0,"12":0,"13":0,"14":0,"15":0},"f":{"0":0,"1":0},"b":{"0":[0]}}
,"C:\\Users\\tovi6\\deep-message-api\\src\\auth\\decorators\\roles.decorator.ts": {"path":"C:\\Users\\tovi6\\deep-message-api\\src\\auth\\decorators\\roles.decorator.ts","statementMap":{"0":{"start":{"line":1,"column":0},"end":{"line":1,"column":45}},"1":{"start":{"line":4,"column":13},"end":{"line":4,"column":33}},"2":{"start":{"line":5,"column":21},"end":{"line":5,"column":72}},"3":{"start":{"line":5,"column":43},"end":{"line":5,"column":72}},"4":{"start":{"line":5,"column":13},"end":{"line":5,"column":21}}},"fnMap":{"0":{"name":"(anonymous_0)","decl":{"start":{"line":5,"column":21},"end":{"line":5,"column":22}},"loc":{"start":{"line":5,"column":43},"end":{"line":5,"column":72}}}},"branchMap":{},"s":{"0":1,"1":1,"2":1,"3":0,"4":1},"f":{"0":0},"b":{}}
,"C:\\Users\\tovi6\\deep-message-api\\src\\auth\\dto\\signIn.dto.ts": {"path":"C:\\Users\\tovi6\\deep-message-api\\src\\auth\\dto\\signIn.dto.ts","statementMap":{"0":{"start":{"line":1,"column":0},"end":{"line":1,"column":46}},"1":{"start":{"line":2,"column":0},"end":{"line":2,"column":75}},"2":{"start":{"line":4,"column":0},"end":{"line":4,"column":13}},"3":{"start":{"line":12,"column":11},"end":{"line":12,"column":null}},"4":{"start":{"line":23,"column":11},"end":{"line":23,"column":null}}},"fnMap":{},"branchMap":{},"s":{"0":1,"1":1,"2":1,"3":1,"4":1},"f":{},"b":{}}
,"C:\\Users\\tovi6\\deep-message-api\\src\\auth\\dto\\signup.dto.ts": {"path":"C:\\Users\\tovi6\\deep-message-api\\src\\auth\\dto\\signup.dto.ts","statementMap":{"0":{"start":{"line":1,"column":0},"end":{"line":1,"column":46}},"1":{"start":{"line":2,"column":0},"end":{"line":2,"column":null}},"2":{"start":{"line":12,"column":0},"end":{"line":12,"column":13}},"3":{"start":{"line":20,"column":11},"end":{"line":20,"column":null}},"4":{"start":{"line":29,"column":11},"end":{"line":29,"column":null}},"5":{"start":{"line":40,"column":11},"end":{"line":40,"column":null}},"6":{"start":{"line":51,"column":11},"end":{"line":51,"column":null}}},"fnMap":{},"branchMap":{},"s":{"0":1,"1":1,"2":1,"3":1,"4":1,"5":1,"6":1},"f":{},"b":{}}
,"C:\\Users\\tovi6\\deep-message-api\\src\\auth\\enums\\role.enum.ts": {"path":"C:\\Users\\tovi6\\deep-message-api\\src\\auth\\enums\\role.enum.ts","statementMap":{"0":{"start":{"line":1,"column":0},"end":{"line":1,"column":null}},"1":{"start":{"line":2,"column":2},"end":{"line":2,"column":null}},"2":{"start":{"line":3,"column":2},"end":{"line":3,"column":null}}},"fnMap":{"0":{"name":"(anonymous_0)","decl":{"start":{"line":1,"column":0},"end":{"line":1,"column":12}},"loc":{"start":{"line":1,"column":16},"end":{"line":4,"column":1}}}},"branchMap":{"0":{"loc":{"start":{"line":1,"column":12},"end":{"line":1,"column":null}},"type":"binary-expr","locations":[{"start":{"line":1,"column":12},"end":{"line":1,"column":16}},{"start":{"line":1,"column":16},"end":{"line":1,"column":null}}]}},"s":{"0":4,"1":4,"2":4},"f":{"0":4},"b":{"0":[4,4]}}
,"C:\\Users\\tovi6\\deep-message-api\\src\\auth\\guards\\roles.guard.ts": {"path":"C:\\Users\\tovi6\\deep-message-api\\src\\auth\\guards\\roles.guard.ts","statementMap":{"0":{"start":{"line":1,"column":0},"end":{"line":1,"column":75}},"1":{"start":{"line":2,"column":0},"end":{"line":2,"column":41}},"2":{"start":{"line":4,"column":0},"end":{"line":4,"column":58}},"3":{"start":{"line":7,"column":7},"end":{"line":23,"column":null}},"4":{"start":{"line":8,"column":22},"end":{"line":8,"column":33}},"5":{"start":{"line":11,"column":26},"end":{"line":14,"column":6}},"6":{"start":{"line":16,"column":4},"end":{"line":16,"column":36}},"7":{"start":{"line":16,"column":24},"end":{"line":16,"column":36}},"8":{"start":{"line":18,"column":20},"end":{"line":18,"column":55}},"9":{"start":{"line":19,"column":17},"end":{"line":19,"column":29}},"10":{"start":{"line":21,"column":4},"end":{"line":21,"column":49}},"11":{"start":{"line":7,"column":13},"end":{"line":7,"column":23}},"12":{"start":{"line":7,"column":13},"end":{"line":23,"column":null}},"13":{"start":{"line":26,"column":2},"end":{"line":26,"column":72}},"14":{"start":{"line":26,"column":46},"end":{"line":26,"column":70}}},"fnMap":{"0":{"name":"(anonymous_2)","decl":{"start":{"line":8,"column":2},"end":{"line":8,"column":22}},"loc":{"start":{"line":8,"column":42},"end":{"line":8,"column":46}}},"1":{"name":"(anonymous_3)","decl":{"start":{"line":10,"column":2},"end":{"line":10,"column":13}},"loc":{"start":{"line":10,"column":39},"end":{"line":22,"column":3}}},"2":{"name":"matchRoles","decl":{"start":{"line":25,"column":9},"end":{"line":25,"column":19}},"loc":{"start":{"line":25,"column":63},"end":{"line":27,"column":1}}},"3":{"name":"(anonymous_5)","decl":{"start":{"line":26,"column":28},"end":{"line":26,"column":29}},"loc":{"start":{"line":26,"column":46},"end":{"line":26,"column":70}}}},"branchMap":{"0":{"loc":{"start":{"line":16,"column":4},"end":{"line":16,"column":36}},"type":"if","locations":[{"start":{"line":16,"column":4},"end":{"line":16,"column":36}}]},"1":{"loc":{"start":{"line":21,"column":37},"end":{"line":21,"column":47}},"type":"cond-expr","locations":[{"start":{"line":21,"column":41},"end":{"line":21,"column":43}},{"start":{"line":21,"column":37},"end":{"line":21,"column":47}}]},"2":{"loc":{"start":{"line":21,"column":37},"end":{"line":21,"column":43}},"type":"binary-expr","locations":[{"start":{"line":21,"column":37},"end":{"line":21,"column":43}},{"start":{"line":21,"column":37},"end":{"line":21,"column":43}}]},"3":{"loc":{"start":{"line":26,"column":46},"end":{"line":26,"column":70}},"type":"cond-expr","locations":[{"start":{"line":26,"column":54},"end":{"line":26,"column":56}},{"start":{"line":26,"column":46},"end":{"line":26,"column":70}}]},"4":{"loc":{"start":{"line":26,"column":46},"end":{"line":26,"column":56}},"type":"binary-expr","locations":[{"start":{"line":26,"column":46},"end":{"line":26,"column":56}},{"start":{"line":26,"column":46},"end":{"line":26,"column":56}}]}},"s":{"0":1,"1":1,"2":1,"3":1,"4":0,"5":0,"6":0,"7":0,"8":0,"9":0,"10":0,"11":1,"12":1,"13":0,"14":0},"f":{"0":0,"1":0,"2":0,"3":0},"b":{"0":[0],"1":[0,0],"2":[0,0],"3":[0,0],"4":[0,0]}}
,"C:\\Users\\tovi6\\deep-message-api\\src\\auth\\schemas\\user.schema.ts": {"path":"C:\\Users\\tovi6\\deep-message-api\\src\\auth\\schemas\\user.schema.ts","statementMap":{"0":{"start":{"line":1,"column":0},"end":{"line":1,"column":63}},"1":{"start":{"line":2,"column":0},"end":{"line":2,"column":36}},"2":{"start":{"line":3,"column":0},"end":{"line":3,"column":42}},"3":{"start":{"line":8,"column":7},"end":{"line":23,"column":null}},"4":{"start":{"line":8,"column":13},"end":{"line":8,"column":17}},"5":{"start":{"line":10,"column":2},"end":{"line":10,"column":null}},"6":{"start":{"line":13,"column":2},"end":{"line":13,"column":null}},"7":{"start":{"line":16,"column":2},"end":{"line":16,"column":null}},"8":{"start":{"line":22,"column":2},"end":{"line":22,"column":null}},"9":{"start":{"line":8,"column":13},"end":{"line":23,"column":null}},"10":{"start":{"line":25,"column":13},"end":{"line":25,"column":61}}},"fnMap":{},"branchMap":{},"s":{"0":4,"1":4,"2":4,"3":4,"4":4,"5":4,"6":4,"7":4,"8":4,"9":4,"10":4},"f":{},"b":{}}
,"C:\\Users\\tovi6\\deep-message-api\\src\\message\\message.controller.ts": {"path":"C:\\Users\\tovi6\\deep-message-api\\src\\message\\message.controller.ts","statementMap":{"0":{"start":{"line":1,"column":0},"end":{"line":1,"column":null}},"1":{"start":{"line":13,"column":0},"end":{"line":13,"column":51}},"2":{"start":{"line":14,"column":0},"end":{"line":14,"column":60}},"3":{"start":{"line":15,"column":0},"end":{"line":15,"column":73}},"4":{"start":{"line":16,"column":0},"end":{"line":16,"column":66}},"5":{"start":{"line":17,"column":0},"end":{"line":17,"column":45}},"6":{"start":{"line":18,"column":0},"end":{"line":18,"column":56}},"7":{"start":{"line":19,"column":0},"end":{"line":19,"column":45}},"8":{"start":{"line":20,"column":0},"end":{"line":20,"column":61}},"9":{"start":{"line":23,"column":0},"end":{"line":23,"column":58}},"10":{"start":{"line":26,"column":7},"end":{"line":90,"column":null}},"11":{"start":{"line":27,"column":22},"end":{"line":27,"column":38}},"12":{"start":{"line":60,"column":4},"end":{"line":60,"column":72}},"13":{"start":{"line":69,"column":17},"end":{"line":69,"column":25}},"14":{"start":{"line":70,"column":4},"end":{"line":70,"column":81}},"15":{"start":{"line":75,"column":4},"end":{"line":75,"column":51}},"16":{"start":{"line":83,"column":4},"end":{"line":83,"column":79}},"17":{"start":{"line":88,"column":4},"end":{"line":88,"column":53}},"18":{"start":{"line":26,"column":13},"end":{"line":26,"column":30}},"19":{"start":{"line":56,"column":8},"end":{"line":61,"column":null}},"20":{"start":{"line":65,"column":8},"end":{"line":71,"column":null}},"21":{"start":{"line":74,"column":8},"end":{"line":76,"column":null}},"22":{"start":{"line":79,"column":8},"end":{"line":84,"column":null}},"23":{"start":{"line":87,"column":8},"end":{"line":89,"column":null}},"24":{"start":{"line":26,"column":13},"end":{"line":90,"column":null}}},"fnMap":{"0":{"name":"(anonymous_4)","decl":{"start":{"line":27,"column":2},"end":{"line":27,"column":22}},"loc":{"start":{"line":27,"column":52},"end":{"line":27,"column":56}}},"1":{"name":"(anonymous_5)","decl":{"start":{"line":56,"column":2},"end":{"line":56,"column":7}},"loc":{"start":{"line":58,"column":32},"end":{"line":61,"column":3}}},"2":{"name":"(anonymous_6)","decl":{"start":{"line":65,"column":2},"end":{"line":65,"column":7}},"loc":{"start":{"line":67,"column":40},"end":{"line":71,"column":3}}},"3":{"name":"(anonymous_7)","decl":{"start":{"line":74,"column":2},"end":{"line":74,"column":7}},"loc":{"start":{"line":74,"column":42},"end":{"line":76,"column":3}}},"4":{"name":"(anonymous_8)","decl":{"start":{"line":79,"column":2},"end":{"line":79,"column":7}},"loc":{"start":{"line":81,"column":58},"end":{"line":84,"column":3}}},"5":{"name":"(anonymous_9)","decl":{"start":{"line":87,"column":2},"end":{"line":87,"column":7}},"loc":{"start":{"line":87,"column":45},"end":{"line":89,"column":3}}}},"branchMap":{},"s":{"0":1,"1":1,"2":1,"3":1,"4":1,"5":1,"6":1,"7":1,"8":1,"9":1,"10":1,"11":6,"12":1,"13":1,"14":1,"15":1,"16":1,"17":1,"18":1,"19":1,"20":1,"21":1,"22":1,"23":1,"24":1},"f":{"0":6,"1":1,"2":1,"3":1,"4":1,"5":1},"b":{}}
,"C:\\Users\\tovi6\\deep-message-api\\src\\message\\message.module.ts": {"path":"C:\\Users\\tovi6\\deep-message-api\\src\\message\\message.module.ts","statementMap":{"0":{"start":{"line":1,"column":0},"end":{"line":1,"column":40}},"1":{"start":{"line":2,"column":0},"end":{"line":2,"column":50}},"2":{"start":{"line":3,"column":0},"end":{"line":3,"column":49}},"3":{"start":{"line":4,"column":0},"end":{"line":4,"column":57}},"4":{"start":{"line":5,"column":0},"end":{"line":5,"column":51}},"5":{"start":{"line":6,"column":0},"end":{"line":6,"column":57}},"6":{"start":{"line":7,"column":0},"end":{"line":7,"column":41}},"7":{"start":{"line":8,"column":0},"end":{"line":8,"column":51}},"8":{"start":{"line":24,"column":7},"end":{"line":24,"column":null}},"9":{"start":{"line":24,"column":13},"end":{"line":24,"column":26}},"10":{"start":{"line":24,"column":13},"end":{"line":24,"column":null}}},"fnMap":{},"branchMap":{},"s":{"0":0,"1":0,"2":0,"3":0,"4":0,"5":0,"6":0,"7":0,"8":0,"9":0,"10":0},"f":{},"b":{}}
,"C:\\Users\\tovi6\\deep-message-api\\src\\message\\message.service.ts": {"path":"C:\\Users\\tovi6\\deep-message-api\\src\\message\\message.service.ts","statementMap":{"0":{"start":{"line":1,"column":0},"end":{"line":1,"column":null}},"1":{"start":{"line":6,"column":0},"end":{"line":6,"column":47}},"2":{"start":{"line":7,"column":0},"end":{"line":7,"column":37}},"3":{"start":{"line":12,"column":0},"end":{"line":12,"column":51}},"4":{"start":{"line":14,"column":7},"end":{"line":113,"column":null}},"5":{"start":{"line":17,"column":12},"end":{"line":17,"column":26}},"6":{"start":{"line":24,"column":34},"end":{"line":24,"column":50}},"7":{"start":{"line":25,"column":20},"end":{"line":29,"column":6}},"8":{"start":{"line":30,"column":4},"end":{"line":30,"column":19}},"9":{"start":{"line":33,"column":22},"end":{"line":33,"column":50}},"10":{"start":{"line":35,"column":4},"end":{"line":37,"column":5}},"11":{"start":{"line":36,"column":6},"end":{"line":36,"column":64}},"12":{"start":{"line":39,"column":20},"end":{"line":41,"column":34}},"13":{"start":{"line":43,"column":4},"end":{"line":45,"column":5}},"14":{"start":{"line":44,"column":6},"end":{"line":44,"column":56}},"15":{"start":{"line":47,"column":4},"end":{"line":47,"column":19}},"16":{"start":{"line":54,"column":22},"end":{"line":54,"column":50}},"17":{"start":{"line":56,"column":4},"end":{"line":58,"column":5}},"18":{"start":{"line":57,"column":6},"end":{"line":57,"column":64}},"19":{"start":{"line":60,"column":20},"end":{"line":60,"column":56}},"20":{"start":{"line":61,"column":4},"end":{"line":63,"column":5}},"21":{"start":{"line":62,"column":6},"end":{"line":62,"column":56}},"22":{"start":{"line":65,"column":4},"end":{"line":65,"column":51}},"23":{"start":{"line":66,"column":4},"end":{"line":66,"column":26}},"24":{"start":{"line":73,"column":34},"end":{"line":73,"column":51}},"25":{"start":{"line":74,"column":23},"end":{"line":74,"column":48}},"26":{"start":{"line":75,"column":24},"end":{"line":75,"column":47}},"27":{"start":{"line":76,"column":17},"end":{"line":76,"column":47}},"28":{"start":{"line":78,"column":23},"end":{"line":78,"column":47}},"29":{"start":{"line":80,"column":4},"end":{"line":82,"column":5}},"30":{"start":{"line":81,"column":6},"end":{"line":81,"column":48}},"31":{"start":{"line":84,"column":4},"end":{"line":86,"column":5}},"32":{"start":{"line":85,"column":6},"end":{"line":85,"column":65}},"33":{"start":{"line":88,"column":21},"end":{"line":92,"column":13}},"34":{"start":{"line":94,"column":4},"end":{"line":94,"column":20}},"35":{"start":{"line":98,"column":22},"end":{"line":98,"column":50}},"36":{"start":{"line":100,"column":4},"end":{"line":102,"column":5}},"37":{"start":{"line":101,"column":6},"end":{"line":101,"column":64}},"38":{"start":{"line":104,"column":20},"end":{"line":104,"column":56}},"39":{"start":{"line":106,"column":4},"end":{"line":108,"column":5}},"40":{"start":{"line":107,"column":6},"end":{"line":107,"column":56}},"41":{"start":{"line":110,"column":4},"end":{"line":110,"column":50}},"42":{"start":{"line":111,"column":4},"end":{"line":111,"column":29}},"43":{"start":{"line":14,"column":13},"end":{"line":14,"column":27}},"44":{"start":{"line":14,"column":13},"end":{"line":113,"column":null}}},"fnMap":{"0":{"name":"(anonymous_4)","decl":{"start":{"line":15,"column":2},"end":{"line":15,"column":null}},"loc":{"start":{"line":17,"column":49},"end":{"line":18,"column":6}}},"1":{"name":"(anonymous_5)","decl":{"start":{"line":20,"column":2},"end":{"line":20,"column":7}},"loc":{"start":{"line":22,"column":38},"end":{"line":31,"column":3}}},"2":{"name":"(anonymous_6)","decl":{"start":{"line":32,"column":2},"end":{"line":32,"column":7}},"loc":{"start":{"line":32,"column":34},"end":{"line":48,"column":3}}},"3":{"name":"(anonymous_7)","decl":{"start":{"line":50,"column":2},"end":{"line":50,"column":7}},"loc":{"start":{"line":52,"column":50},"end":{"line":67,"column":3}}},"4":{"name":"(anonymous_8)","decl":{"start":{"line":69,"column":2},"end":{"line":69,"column":7}},"loc":{"start":{"line":71,"column":14},"end":{"line":95,"column":3}}},"5":{"name":"(anonymous_9)","decl":{"start":{"line":97,"column":2},"end":{"line":97,"column":7}},"loc":{"start":{"line":97,"column":36},"end":{"line":112,"column":3}}}},"branchMap":{"0":{"loc":{"start":{"line":35,"column":4},"end":{"line":37,"column":5}},"type":"if","locations":[{"start":{"line":35,"column":4},"end":{"line":37,"column":5}}]},"1":{"loc":{"start":{"line":43,"column":4},"end":{"line":45,"column":5}},"type":"if","locations":[{"start":{"line":43,"column":4},"end":{"line":45,"column":5}}]},"2":{"loc":{"start":{"line":56,"column":4},"end":{"line":58,"column":5}},"type":"if","locations":[{"start":{"line":56,"column":4},"end":{"line":58,"column":5}}]},"3":{"loc":{"start":{"line":61,"column":4},"end":{"line":63,"column":5}},"type":"if","locations":[{"start":{"line":61,"column":4},"end":{"line":63,"column":5}}]},"4":{"loc":{"start":{"line":74,"column":23},"end":{"line":74,"column":48}},"type":"binary-expr","locations":[{"start":{"line":74,"column":23},"end":{"line":74,"column":42}},{"start":{"line":74,"column":46},"end":{"line":74,"column":48}}]},"5":{"loc":{"start":{"line":75,"column":24},"end":{"line":75,"column":47}},"type":"binary-expr","locations":[{"start":{"line":75,"column":24},"end":{"line":75,"column":42}},{"start":{"line":75,"column":46},"end":{"line":75,"column":47}}]},"6":{"loc":{"start":{"line":80,"column":4},"end":{"line":82,"column":5}},"type":"if","locations":[{"start":{"line":80,"column":4},"end":{"line":82,"column":5}}]},"7":{"loc":{"start":{"line":84,"column":4},"end":{"line":86,"column":5}},"type":"if","locations":[{"start":{"line":84,"column":4},"end":{"line":86,"column":5}}]},"8":{"loc":{"start":{"line":100,"column":4},"end":{"line":102,"column":5}},"type":"if","locations":[{"start":{"line":100,"column":4},"end":{"line":102,"column":5}}]},"9":{"loc":{"start":{"line":106,"column":4},"end":{"line":108,"column":5}},"type":"if","locations":[{"start":{"line":106,"column":4},"end":{"line":108,"column":5}}]}},"s":{"0":2,"1":2,"2":2,"3":2,"4":2,"5":12,"6":1,"7":1,"8":1,"9":3,"10":3,"11":1,"12":2,"13":2,"14":1,"15":1,"16":3,"17":3,"18":1,"19":2,"20":2,"21":1,"22":1,"23":1,"24":1,"25":1,"26":1,"27":1,"28":1,"29":1,"30":0,"31":1,"32":0,"33":1,"34":1,"35":3,"36":3,"37":1,"38":2,"39":2,"40":1,"41":1,"42":1,"43":2,"44":2},"f":{"0":12,"1":1,"2":3,"3":3,"4":1,"5":3},"b":{"0":[1],"1":[1],"2":[1],"3":[1],"4":[1,0],"5":[1,0],"6":[0],"7":[0],"8":[1],"9":[1]}}
,"C:\\Users\\tovi6\\deep-message-api\\src\\message\\dto\\create-message.dto.ts": {"path":"C:\\Users\\tovi6\\deep-message-api\\src\\message\\dto\\create-message.dto.ts","statementMap":{"0":{"start":{"line":1,"column":0},"end":{"line":1,"column":66}},"1":{"start":{"line":2,"column":0},"end":{"line":2,"column":46}},"2":{"start":{"line":4,"column":0},"end":{"line":4,"column":13}},"3":{"start":{"line":12,"column":11},"end":{"line":12,"column":null}},"4":{"start":{"line":20,"column":11},"end":{"line":20,"column":null}}},"fnMap":{},"branchMap":{},"s":{"0":1,"1":1,"2":1,"3":1,"4":1},"f":{},"b":{}}
,"C:\\Users\\tovi6\\deep-message-api\\src\\message\\dto\\filter-message.dto.ts": {"path":"C:\\Users\\tovi6\\deep-message-api\\src\\message\\dto\\filter-message.dto.ts","statementMap":{"0":{"start":{"line":1,"column":0},"end":{"line":1,"column":70}},"1":{"start":{"line":2,"column":0},"end":{"line":2,"column":46}},"2":{"start":{"line":3,"column":0},"end":{"line":3,"column":58}},"3":{"start":{"line":5,"column":0},"end":{"line":5,"column":13}},"4":{"start":{"line":13,"column":11},"end":{"line":13,"column":null}},"5":{"start":{"line":22,"column":11},"end":{"line":22,"column":null}}},"fnMap":{},"branchMap":{},"s":{"0":1,"1":1,"2":1,"3":1,"4":1,"5":1},"f":{},"b":{}}
,"C:\\Users\\tovi6\\deep-message-api\\src\\message\\dto\\update-message-status.dto.ts": {"path":"C:\\Users\\tovi6\\deep-message-api\\src\\message\\dto\\update-message-status.dto.ts","statementMap":{"0":{"start":{"line":1,"column":0},"end":{"line":1,"column":53}},"1":{"start":{"line":2,"column":0},"end":{"line":2,"column":46}},"2":{"start":{"line":3,"column":0},"end":{"line":3,"column":58}},"3":{"start":{"line":5,"column":0},"end":{"line":5,"column":13}},"4":{"start":{"line":13,"column":11},"end":{"line":13,"column":null}}},"fnMap":{},"branchMap":{},"s":{"0":1,"1":1,"2":1,"3":1,"4":1},"f":{},"b":{}}
,"C:\\Users\\tovi6\\deep-message-api\\src\\message\\schemas\\message.schema.ts": {"path":"C:\\Users\\tovi6\\deep-message-api\\src\\message\\schemas\\message.schema.ts","statementMap":{"0":{"start":{"line":1,"column":0},"end":{"line":1,"column":63}},"1":{"start":{"line":2,"column":0},"end":{"line":2,"column":32}},"2":{"start":{"line":3,"column":0},"end":{"line":3,"column":54}},"3":{"start":{"line":5,"column":0},"end":{"line":5,"column":null}},"4":{"start":{"line":6,"column":2},"end":{"line":6,"column":null}},"5":{"start":{"line":7,"column":2},"end":{"line":7,"column":null}},"6":{"start":{"line":8,"column":2},"end":{"line":8,"column":null}},"7":{"start":{"line":14,"column":7},"end":{"line":29,"column":null}},"8":{"start":{"line":14,"column":13},"end":{"line":14,"column":20}},"9":{"start":{"line":16,"column":2},"end":{"line":16,"column":null}},"10":{"start":{"line":19,"column":2},"end":{"line":19,"column":null}},"11":{"start":{"line":22,"column":2},"end":{"line":22,"column":null}},"12":{"start":{"line":25,"column":2},"end":{"line":25,"column":null}},"13":{"start":{"line":28,"column":2},"end":{"line":28,"column":null}},"14":{"start":{"line":14,"column":13},"end":{"line":29,"column":null}},"15":{"start":{"line":31,"column":13},"end":{"line":31,"column":67}}},"fnMap":{"0":{"name":"(anonymous_2)","decl":{"start":{"line":5,"column":0},"end":{"line":5,"column":12}},"loc":{"start":{"line":5,"column":25},"end":{"line":9,"column":1}}}},"branchMap":{"0":{"loc":{"start":{"line":5,"column":12},"end":{"line":5,"column":null}},"type":"binary-expr","locations":[{"start":{"line":5,"column":12},"end":{"line":5,"column":25}},{"start":{"line":5,"column":25},"end":{"line":5,"column":null}}]}},"s":{"0":2,"1":2,"2":2,"3":2,"4":2,"5":2,"6":2,"7":2,"8":2,"9":2,"10":2,"11":2,"12":2,"13":2,"14":2,"15":2},"f":{"0":2},"b":{"0":[2,2]}}
}
