TN:
SF:src\app.controller.ts
FN:6,(anonymous_2)
FN:9,(anonymous_3)
FN:13,(anonymous_4)
FNF:3
FNH:0
FNDA:0,(anonymous_2)
FNDA:0,(anonymous_3)
FNDA:0,(anonymous_4)
DA:1,0
DA:2,0
DA:5,0
DA:6,0
DA:9,0
DA:10,0
DA:13,0
DA:14,0
LF:8
LH:0
BRF:0
BRH:0
end_of_record
TN:
SF:src\app.module.ts
FNF:0
FNH:0
DA:1,0
DA:2,0
DA:3,0
DA:4,0
DA:5,0
DA:6,0
DA:7,0
DA:8,0
DA:29,0
LF:9
LH:0
BRF:0
BRH:0
end_of_record
TN:
SF:src\app.service.ts
FN:5,(anonymous_1)
FN:8,(anonymous_2)
FNF:2
FNH:0
FNDA:0,(anonymous_1)
FNDA:0,(anonymous_2)
DA:1,0
DA:4,0
DA:6,0
DA:9,0
LF:4
LH:0
BRF:0
BRH:0
end_of_record
TN:
SF:src\main.ts
FN:7,bootstrap
FNF:1
FNH:0
FNDA:0,bootstrap
DA:1,0
DA:2,0
DA:3,0
DA:4,0
DA:5,0
DA:8,0
DA:10,0
DA:12,0
DA:16,0
DA:17,0
DA:27,0
DA:28,0
DA:30,0
DA:32,0
LF:14
LH:0
BRF:0
BRH:0
end_of_record
TN:
SF:src\auth\auth.controller.ts
FN:8,(anonymous_4)
FN:11,(anonymous_5)
FN:16,(anonymous_6)
FNF:3
FNH:3
FNDA:3,(anonymous_4)
FNDA:1,(anonymous_5)
FNDA:1,(anonymous_6)
DA:1,1
DA:2,1
DA:3,1
DA:4,1
DA:7,1
DA:8,3
DA:11,1
DA:12,1
DA:16,1
DA:17,1
LF:10
LH:10
BRF:0
BRH:0
end_of_record
TN:
SF:src\auth\auth.module.ts
FN:16,(anonymous_1)
FNF:1
FNH:0
FNDA:0,(anonymous_1)
DA:1,0
DA:2,0
DA:3,0
DA:4,0
DA:5,0
DA:6,0
DA:7,0
DA:8,0
DA:9,0
DA:17,0
DA:31,0
LF:11
LH:0
BRF:0
BRH:0
end_of_record
TN:
SF:src\auth\auth.service.ts
FN:17,(anonymous_4)
FN:23,(anonymous_5)
FN:46,(anonymous_6)
FNF:3
FNH:3
FNDA:6,(anonymous_4)
FNDA:2,(anonymous_5)
FNDA:3,(anonymous_6)
DA:1,2
DA:6,2
DA:7,2
DA:8,2
DA:10,2
DA:11,2
DA:16,2
DA:19,6
DA:20,6
DA:24,2
DA:26,2
DA:28,2
DA:29,2
DA:36,1
DA:38,1
DA:40,1
DA:41,1
DA:47,3
DA:49,3
DA:51,3
DA:52,1
DA:55,2
DA:57,2
DA:58,1
DA:61,1
DA:63,1
LF:26
LH:26
BRDA:40,0,0,1
BRDA:40,1,0,0
BRDA:40,1,1,1
BRDA:40,2,0,1
BRDA:40,2,1,1
BRDA:51,3,0,1
BRDA:57,4,0,1
BRF:7
BRH:6
end_of_record
TN:
SF:src\auth\jwt.strategy.ts
FN:10,(anonymous_4)
FN:20,(anonymous_5)
FNF:2
FNH:0
FNDA:0,(anonymous_4)
FNDA:0,(anonymous_5)
DA:1,0
DA:2,0
DA:3,0
DA:4,0
DA:5,0
DA:6,0
DA:9,0
DA:12,0
DA:14,0
DA:21,0
DA:23,0
DA:25,0
DA:26,0
DA:29,0
LF:14
LH:0
BRDA:25,0,0,0
BRF:1
BRH:0
end_of_record
TN:
SF:src\auth\decorators\roles.decorator.ts
FN:5,(anonymous_0)
FNF:1
FNH:0
FNDA:0,(anonymous_0)
DA:1,1
DA:4,1
DA:5,1
LF:3
LH:3
BRF:0
BRH:0
end_of_record
TN:
SF:src\auth\dto\signIn.dto.ts
FNF:0
FNH:0
DA:1,1
DA:2,1
DA:4,1
DA:12,1
DA:23,1
LF:5
LH:5
BRF:0
BRH:0
end_of_record
TN:
SF:src\auth\dto\signup.dto.ts
FNF:0
FNH:0
DA:1,1
DA:2,1
DA:12,1
DA:20,1
DA:29,1
DA:40,1
DA:51,1
LF:7
LH:7
BRF:0
BRH:0
end_of_record
TN:
SF:src\auth\enums\role.enum.ts
FN:1,(anonymous_0)
FNF:1
FNH:1
FNDA:4,(anonymous_0)
DA:1,4
DA:2,4
DA:3,4
LF:3
LH:3
BRDA:1,0,0,4
BRDA:1,0,1,4
BRF:2
BRH:2
end_of_record
TN:
SF:src\auth\guards\roles.guard.ts
FN:8,(anonymous_2)
FN:10,(anonymous_3)
FN:25,matchRoles
FN:26,(anonymous_5)
FNF:4
FNH:0
FNDA:0,(anonymous_2)
FNDA:0,(anonymous_3)
FNDA:0,matchRoles
FNDA:0,(anonymous_5)
DA:1,1
DA:2,1
DA:4,1
DA:7,1
DA:8,0
DA:11,0
DA:16,0
DA:18,0
DA:19,0
DA:21,0
DA:26,0
LF:11
LH:4
BRDA:16,0,0,0
BRDA:21,1,0,0
BRDA:21,1,1,0
BRDA:21,2,0,0
BRDA:21,2,1,0
BRDA:26,3,0,0
BRDA:26,3,1,0
BRDA:26,4,0,0
BRDA:26,4,1,0
BRF:9
BRH:0
end_of_record
TN:
SF:src\auth\schemas\user.schema.ts
FNF:0
FNH:0
DA:1,4
DA:2,4
DA:3,4
DA:8,4
DA:10,4
DA:13,4
DA:16,4
DA:22,4
DA:25,4
LF:9
LH:9
BRF:0
BRH:0
end_of_record
TN:
SF:src\message\message.controller.ts
FN:27,(anonymous_4)
FN:56,(anonymous_5)
FN:65,(anonymous_6)
FN:74,(anonymous_7)
FN:79,(anonymous_8)
FN:87,(anonymous_9)
FNF:6
FNH:6
FNDA:6,(anonymous_4)
FNDA:1,(anonymous_5)
FNDA:1,(anonymous_6)
FNDA:1,(anonymous_7)
FNDA:1,(anonymous_8)
FNDA:1,(anonymous_9)
DA:1,1
DA:13,1
DA:14,1
DA:15,1
DA:16,1
DA:17,1
DA:18,1
DA:19,1
DA:20,1
DA:23,1
DA:26,1
DA:27,6
DA:56,1
DA:60,1
DA:65,1
DA:69,1
DA:70,1
DA:74,1
DA:75,1
DA:79,1
DA:83,1
DA:87,1
DA:88,1
LF:23
LH:23
BRF:0
BRH:0
end_of_record
TN:
SF:src\message\message.module.ts
FNF:0
FNH:0
DA:1,0
DA:2,0
DA:3,0
DA:4,0
DA:5,0
DA:6,0
DA:7,0
DA:8,0
DA:24,0
LF:9
LH:0
BRF:0
BRH:0
end_of_record
TN:
SF:src\message\message.service.ts
FN:15,(anonymous_4)
FN:20,(anonymous_5)
FN:32,(anonymous_6)
FN:50,(anonymous_7)
FN:69,(anonymous_8)
FN:97,(anonymous_9)
FNF:6
FNH:6
FNDA:12,(anonymous_4)
FNDA:1,(anonymous_5)
FNDA:3,(anonymous_6)
FNDA:3,(anonymous_7)
FNDA:1,(anonymous_8)
FNDA:3,(anonymous_9)
DA:1,2
DA:6,2
DA:7,2
DA:12,2
DA:14,2
DA:17,12
DA:24,1
DA:25,1
DA:30,1
DA:33,3
DA:35,3
DA:36,1
DA:39,2
DA:43,2
DA:44,1
DA:47,1
DA:54,3
DA:56,3
DA:57,1
DA:60,2
DA:61,2
DA:62,1
DA:65,1
DA:66,1
DA:73,1
DA:74,1
DA:75,1
DA:76,1
DA:78,1
DA:80,1
DA:81,0
DA:84,1
DA:85,0
DA:88,1
DA:94,1
DA:98,3
DA:100,3
DA:101,1
DA:104,2
DA:106,2
DA:107,1
DA:110,1
DA:111,1
LF:43
LH:41
BRDA:35,0,0,1
BRDA:43,1,0,1
BRDA:56,2,0,1
BRDA:61,3,0,1
BRDA:74,4,0,1
BRDA:74,4,1,0
BRDA:75,5,0,1
BRDA:75,5,1,0
BRDA:80,6,0,0
BRDA:84,7,0,0
BRDA:100,8,0,1
BRDA:106,9,0,1
BRF:12
BRH:8
end_of_record
TN:
SF:src\message\dto\create-message.dto.ts
FNF:0
FNH:0
DA:1,1
DA:2,1
DA:4,1
DA:12,1
DA:20,1
LF:5
LH:5
BRF:0
BRH:0
end_of_record
TN:
SF:src\message\dto\filter-message.dto.ts
FNF:0
FNH:0
DA:1,1
DA:2,1
DA:3,1
DA:5,1
DA:13,1
DA:22,1
LF:6
LH:6
BRF:0
BRH:0
end_of_record
TN:
SF:src\message\dto\update-message-status.dto.ts
FNF:0
FNH:0
DA:1,1
DA:2,1
DA:3,1
DA:5,1
DA:13,1
LF:5
LH:5
BRF:0
BRH:0
end_of_record
TN:
SF:src\message\schemas\message.schema.ts
FN:5,(anonymous_2)
FNF:1
FNH:1
FNDA:2,(anonymous_2)
DA:1,2
DA:2,2
DA:3,2
DA:5,2
DA:6,2
DA:7,2
DA:8,2
DA:14,2
DA:16,2
DA:19,2
DA:22,2
DA:25,2
DA:28,2
DA:31,2
LF:14
LH:14
BRDA:5,0,0,2
BRDA:5,0,1,2
BRF:2
BRH:2
end_of_record
